INFO - 2024-09-12 05:19:11 --> Session: Class initialized using 'CodeIgniter\Session\Handlers\FileHandler' driver.
INFO - 2024-09-12 05:19:23 --> Session: Class initialized using 'CodeIgniter\Session\Handlers\FileHandler' driver.
INFO - 2024-09-12 05:19:23 --> Session: Class initialized using 'CodeIgniter\Session\Handlers\FileHandler' driver.
INFO - 2024-09-12 05:19:32 --> Session: Class initialized using 'CodeIgniter\Session\Handlers\FileHandler' driver.
INFO - 2024-09-12 05:19:32 --> Session: Class initialized using 'CodeIgniter\Session\Handlers\FileHandler' driver.
INFO - 2024-09-12 05:19:41 --> Session: Class initialized using 'CodeIgniter\Session\Handlers\FileHandler' driver.
INFO - 2024-09-12 05:19:41 --> Session: Class initialized using 'CodeIgniter\Session\Handlers\FileHandler' driver.
INFO - 2024-09-12 05:19:42 --> Session: Class initialized using 'CodeIgniter\Session\Handlers\FileHandler' driver.
INFO - 2024-09-12 05:19:42 --> Session: Class initialized using 'CodeIgniter\Session\Handlers\FileHandler' driver.
INFO - 2024-09-12 05:19:42 --> Session: Class initialized using 'CodeIgniter\Session\Handlers\FileHandler' driver.
INFO - 2024-09-12 05:23:15 --> Session: Class initialized using 'CodeIgniter\Session\Handlers\FileHandler' driver.
INFO - 2024-09-12 05:23:16 --> Session: Class initialized using 'CodeIgniter\Session\Handlers\FileHandler' driver.
INFO - 2024-09-12 05:23:16 --> Session: Class initialized using 'CodeIgniter\Session\Handlers\FileHandler' driver.
INFO - 2024-09-12 05:23:16 --> Session: Class initialized using 'CodeIgniter\Session\Handlers\FileHandler' driver.
INFO - 2024-09-12 05:36:16 --> Session: Class initialized using 'CodeIgniter\Session\Handlers\FileHandler' driver.
INFO - 2024-09-12 05:36:17 --> Session: Class initialized using 'CodeIgniter\Session\Handlers\FileHandler' driver.
INFO - 2024-09-12 05:36:17 --> Session: Class initialized using 'CodeIgniter\Session\Handlers\FileHandler' driver.
INFO - 2024-09-12 05:36:17 --> Session: Class initialized using 'CodeIgniter\Session\Handlers\FileHandler' driver.
INFO - 2024-09-12 05:37:20 --> Session: Class initialized using 'CodeIgniter\Session\Handlers\FileHandler' driver.
INFO - 2024-09-12 05:37:21 --> Session: Class initialized using 'CodeIgniter\Session\Handlers\FileHandler' driver.
INFO - 2024-09-12 05:37:21 --> Session: Class initialized using 'CodeIgniter\Session\Handlers\FileHandler' driver.
INFO - 2024-09-12 05:37:21 --> Session: Class initialized using 'CodeIgniter\Session\Handlers\FileHandler' driver.
INFO - 2024-09-12 05:49:10 --> Session: Class initialized using 'CodeIgniter\Session\Handlers\FileHandler' driver.
INFO - 2024-09-12 05:49:10 --> Session: Class initialized using 'CodeIgniter\Session\Handlers\FileHandler' driver.
INFO - 2024-09-12 05:49:11 --> Session: Class initialized using 'CodeIgniter\Session\Handlers\FileHandler' driver.
INFO - 2024-09-12 05:49:11 --> Session: Class initialized using 'CodeIgniter\Session\Handlers\FileHandler' driver.
INFO - 2024-09-12 05:51:02 --> Session: Class initialized using 'CodeIgniter\Session\Handlers\FileHandler' driver.
INFO - 2024-09-12 05:51:03 --> Session: Class initialized using 'CodeIgniter\Session\Handlers\FileHandler' driver.
INFO - 2024-09-12 05:51:03 --> Session: Class initialized using 'CodeIgniter\Session\Handlers\FileHandler' driver.
INFO - 2024-09-12 05:51:03 --> Session: Class initialized using 'CodeIgniter\Session\Handlers\FileHandler' driver.
INFO - 2024-09-12 05:52:41 --> Session: Class initialized using 'CodeIgniter\Session\Handlers\FileHandler' driver.
INFO - 2024-09-12 05:52:42 --> Session: Class initialized using 'CodeIgniter\Session\Handlers\FileHandler' driver.
INFO - 2024-09-12 05:52:42 --> Session: Class initialized using 'CodeIgniter\Session\Handlers\FileHandler' driver.
INFO - 2024-09-12 05:52:42 --> Session: Class initialized using 'CodeIgniter\Session\Handlers\FileHandler' driver.
INFO - 2024-09-12 06:27:23 --> Session: Class initialized using 'CodeIgniter\Session\Handlers\FileHandler' driver.
INFO - 2024-09-12 06:27:23 --> Session: Class initialized using 'CodeIgniter\Session\Handlers\FileHandler' driver.
INFO - 2024-09-12 06:27:24 --> Session: Class initialized using 'CodeIgniter\Session\Handlers\FileHandler' driver.
INFO - 2024-09-12 06:27:24 --> Session: Class initialized using 'CodeIgniter\Session\Handlers\FileHandler' driver.
INFO - 2024-09-12 06:27:31 --> Session: Class initialized using 'CodeIgniter\Session\Handlers\FileHandler' driver.
ERROR - 2024-09-12 06:27:32 --> Error connecting to the database: mysqli_sql_exception: Access denied for user 'fastctem_23d1_cg'@'124.104.146.186' (using password: YES) in C:\xampp\htdocs\FastCat-WMS\system\Database\MySQLi\Connection.php:173
Stack trace:
#0 C:\xampp\htdocs\FastCat-WMS\system\Database\MySQLi\Connection.php(173): mysqli->real_connect('192.254.226.211', 'fastctem_23d1_c...', Object(SensitiveParameterValue), 'fastctem_bms', 3306, '', 0)
#1 C:\xampp\htdocs\FastCat-WMS\system\Database\BaseConnection.php(391): CodeIgniter\Database\MySQLi\Connection->connect(false)
#2 C:\xampp\htdocs\FastCat-WMS\system\Database\BaseConnection.php(573): CodeIgniter\Database\BaseConnection->initialize()
#3 C:\xampp\htdocs\FastCat-WMS\system\Database\BaseBuilder.php(1602): CodeIgniter\Database\BaseConnection->query('SELECT `brf_num...', Array, false)
#4 C:\xampp\htdocs\FastCat-WMS\app\Controllers\Home.php(1596): CodeIgniter\Database\BaseBuilder->get()
#5 C:\xampp\htdocs\FastCat-WMS\system\CodeIgniter.php(934): App\Controllers\Home->printPO('PO-000000001')
#6 C:\xampp\htdocs\FastCat-WMS\system\CodeIgniter.php(499): CodeIgniter\CodeIgniter->runController(Object(App\Controllers\Home))
#7 C:\xampp\htdocs\FastCat-WMS\system\CodeIgniter.php(368): CodeIgniter\CodeIgniter->handleRequest(NULL, Object(Config\Cache), false)
#8 C:\xampp\htdocs\FastCat-WMS\public\index.php(67): CodeIgniter\CodeIgniter->run()
#9 C:\xampp\htdocs\FastCat-WMS\system\Commands\Server\rewrite.php(47): require_once('C:\\xampp\\htdocs...')
#10 {main}

Next CodeIgniter\Database\Exceptions\DatabaseException: Access denied for user '****'@'124.104.146.186' (using password: YES) in C:\xampp\htdocs\FastCat-WMS\system\Database\MySQLi\Connection.php:218
Stack trace:
#0 C:\xampp\htdocs\FastCat-WMS\system\Database\BaseConnection.php(391): CodeIgniter\Database\MySQLi\Connection->connect(false)
#1 C:\xampp\htdocs\FastCat-WMS\system\Database\BaseConnection.php(573): CodeIgniter\Database\BaseConnection->initialize()
#2 C:\xampp\htdocs\FastCat-WMS\system\Database\BaseBuilder.php(1602): CodeIgniter\Database\BaseConnection->query('SELECT `brf_num...', Array, false)
#3 C:\xampp\htdocs\FastCat-WMS\app\Controllers\Home.php(1596): CodeIgniter\Database\BaseBuilder->get()
#4 C:\xampp\htdocs\FastCat-WMS\system\CodeIgniter.php(934): App\Controllers\Home->printPO('PO-000000001')
#5 C:\xampp\htdocs\FastCat-WMS\system\CodeIgniter.php(499): CodeIgniter\CodeIgniter->runController(Object(App\Controllers\Home))
#6 C:\xampp\htdocs\FastCat-WMS\system\CodeIgniter.php(368): CodeIgniter\CodeIgniter->handleRequest(NULL, Object(Config\Cache), false)
#7 C:\xampp\htdocs\FastCat-WMS\public\index.php(67): CodeIgniter\CodeIgniter->run()
#8 C:\xampp\htdocs\FastCat-WMS\system\Commands\Server\rewrite.php(47): require_once('C:\\xampp\\htdocs...')
#9 {main}
CRITICAL - 2024-09-12 06:27:32 --> Unable to connect to the database.
Main connection [MySQLi]: Access denied for user '****'@'124.104.146.186' (using password: YES)
in SYSTEMPATH\Database\BaseConnection.php on line 427.
 1 SYSTEMPATH\Database\BaseConnection.php(573): CodeIgniter\Database\BaseConnection->initialize()
 2 SYSTEMPATH\Database\BaseBuilder.php(1602): CodeIgniter\Database\BaseConnection->query('SELECT `brf_number`
FROM `tblrequest`
WHERE `attachment` = :attachment:', [...], false)
 3 APPPATH\Controllers\Home.php(1596): CodeIgniter\Database\BaseBuilder->get()
 4 SYSTEMPATH\CodeIgniter.php(934): App\Controllers\Home->printPO('PO-000000001')
 5 SYSTEMPATH\CodeIgniter.php(499): CodeIgniter\CodeIgniter->runController(Object(App\Controllers\Home))
 6 SYSTEMPATH\CodeIgniter.php(368): CodeIgniter\CodeIgniter->handleRequest(null, Object(Config\Cache), false)
 7 FCPATH\index.php(67): CodeIgniter\CodeIgniter->run()
 8 SYSTEMPATH\Commands\Server\rewrite.php(47): require_once('FCPATH\\index.php')
INFO - 2024-09-12 06:39:54 --> Session: Class initialized using 'CodeIgniter\Session\Handlers\FileHandler' driver.
ERROR - 2024-09-12 06:39:54 --> Error connecting to the database: mysqli_sql_exception: Access denied for user 'fastctem_23d1_cg'@'124.104.146.186' (using password: YES) in C:\xampp\htdocs\FastCat-WMS\system\Database\MySQLi\Connection.php:173
Stack trace:
#0 C:\xampp\htdocs\FastCat-WMS\system\Database\MySQLi\Connection.php(173): mysqli->real_connect('192.254.226.211', 'fastctem_23d1_c...', Object(SensitiveParameterValue), 'fastctem_bms', 3306, '', 0)
#1 C:\xampp\htdocs\FastCat-WMS\system\Database\BaseConnection.php(391): CodeIgniter\Database\MySQLi\Connection->connect(false)
#2 C:\xampp\htdocs\FastCat-WMS\system\Database\BaseConnection.php(573): CodeIgniter\Database\BaseConnection->initialize()
#3 C:\xampp\htdocs\FastCat-WMS\system\Database\BaseBuilder.php(1602): CodeIgniter\Database\BaseConnection->query('SELECT `brf_num...', Array, false)
#4 C:\xampp\htdocs\FastCat-WMS\app\Controllers\Home.php(1596): CodeIgniter\Database\BaseBuilder->get()
#5 C:\xampp\htdocs\FastCat-WMS\system\CodeIgniter.php(934): App\Controllers\Home->printPO('PO-000000001')
#6 C:\xampp\htdocs\FastCat-WMS\system\CodeIgniter.php(499): CodeIgniter\CodeIgniter->runController(Object(App\Controllers\Home))
#7 C:\xampp\htdocs\FastCat-WMS\system\CodeIgniter.php(368): CodeIgniter\CodeIgniter->handleRequest(NULL, Object(Config\Cache), false)
#8 C:\xampp\htdocs\FastCat-WMS\public\index.php(67): CodeIgniter\CodeIgniter->run()
#9 C:\xampp\htdocs\FastCat-WMS\system\Commands\Server\rewrite.php(47): require_once('C:\\xampp\\htdocs...')
#10 {main}

Next CodeIgniter\Database\Exceptions\DatabaseException: Access denied for user '****'@'124.104.146.186' (using password: YES) in C:\xampp\htdocs\FastCat-WMS\system\Database\MySQLi\Connection.php:218
Stack trace:
#0 C:\xampp\htdocs\FastCat-WMS\system\Database\BaseConnection.php(391): CodeIgniter\Database\MySQLi\Connection->connect(false)
#1 C:\xampp\htdocs\FastCat-WMS\system\Database\BaseConnection.php(573): CodeIgniter\Database\BaseConnection->initialize()
#2 C:\xampp\htdocs\FastCat-WMS\system\Database\BaseBuilder.php(1602): CodeIgniter\Database\BaseConnection->query('SELECT `brf_num...', Array, false)
#3 C:\xampp\htdocs\FastCat-WMS\app\Controllers\Home.php(1596): CodeIgniter\Database\BaseBuilder->get()
#4 C:\xampp\htdocs\FastCat-WMS\system\CodeIgniter.php(934): App\Controllers\Home->printPO('PO-000000001')
#5 C:\xampp\htdocs\FastCat-WMS\system\CodeIgniter.php(499): CodeIgniter\CodeIgniter->runController(Object(App\Controllers\Home))
#6 C:\xampp\htdocs\FastCat-WMS\system\CodeIgniter.php(368): CodeIgniter\CodeIgniter->handleRequest(NULL, Object(Config\Cache), false)
#7 C:\xampp\htdocs\FastCat-WMS\public\index.php(67): CodeIgniter\CodeIgniter->run()
#8 C:\xampp\htdocs\FastCat-WMS\system\Commands\Server\rewrite.php(47): require_once('C:\\xampp\\htdocs...')
#9 {main}
CRITICAL - 2024-09-12 06:39:54 --> Unable to connect to the database.
Main connection [MySQLi]: Access denied for user '****'@'124.104.146.186' (using password: YES)
in SYSTEMPATH\Database\BaseConnection.php on line 427.
 1 SYSTEMPATH\Database\BaseConnection.php(573): CodeIgniter\Database\BaseConnection->initialize()
 2 SYSTEMPATH\Database\BaseBuilder.php(1602): CodeIgniter\Database\BaseConnection->query('SELECT `brf_number`
FROM `tblrequest`
WHERE `attachment` = :attachment:', [...], false)
 3 APPPATH\Controllers\Home.php(1596): CodeIgniter\Database\BaseBuilder->get()
 4 SYSTEMPATH\CodeIgniter.php(934): App\Controllers\Home->printPO('PO-000000001')
 5 SYSTEMPATH\CodeIgniter.php(499): CodeIgniter\CodeIgniter->runController(Object(App\Controllers\Home))
 6 SYSTEMPATH\CodeIgniter.php(368): CodeIgniter\CodeIgniter->handleRequest(null, Object(Config\Cache), false)
 7 FCPATH\index.php(67): CodeIgniter\CodeIgniter->run()
 8 SYSTEMPATH\Commands\Server\rewrite.php(47): require_once('FCPATH\\index.php')
INFO - 2024-09-12 06:45:33 --> Session: Class initialized using 'CodeIgniter\Session\Handlers\FileHandler' driver.
CRITICAL - 2024-09-12 06:45:33 --> fastcat is not a valid database connection group.
in SYSTEMPATH\Database\Config.php on line 70.
 1 SYSTEMPATH\Common.php(352): CodeIgniter\Database\Config::connect('fastcat', true)
 2 APPPATH\Controllers\Home.php(13): db_connect('fastcat')
 3 SYSTEMPATH\CodeIgniter.php(906): App\Controllers\Home->__construct()
 4 SYSTEMPATH\CodeIgniter.php(490): CodeIgniter\CodeIgniter->createController()
 5 SYSTEMPATH\CodeIgniter.php(368): CodeIgniter\CodeIgniter->handleRequest(null, Object(Config\Cache), false)
 6 FCPATH\index.php(67): CodeIgniter\CodeIgniter->run()
 7 SYSTEMPATH\Commands\Server\rewrite.php(47): require_once('FCPATH\\index.php')
INFO - 2024-09-12 06:47:08 --> Session: Class initialized using 'CodeIgniter\Session\Handlers\FileHandler' driver.
ERROR - 2024-09-12 06:47:09 --> Error connecting to the database: mysqli_sql_exception: Access denied for user 'fastctem_23d1_cg'@'124.104.146.186' (using password: YES) in C:\xampp\htdocs\FastCat-WMS\system\Database\MySQLi\Connection.php:173
Stack trace:
#0 C:\xampp\htdocs\FastCat-WMS\system\Database\MySQLi\Connection.php(173): mysqli->real_connect('192.254.226.211', 'fastctem_23d1_c...', Object(SensitiveParameterValue), 'fastctem_bms', 3306, '', 0)
#1 C:\xampp\htdocs\FastCat-WMS\system\Database\BaseConnection.php(391): CodeIgniter\Database\MySQLi\Connection->connect(false)
#2 C:\xampp\htdocs\FastCat-WMS\system\Database\BaseConnection.php(573): CodeIgniter\Database\BaseConnection->initialize()
#3 C:\xampp\htdocs\FastCat-WMS\system\Database\BaseBuilder.php(1602): CodeIgniter\Database\BaseConnection->query('SELECT `brf_num...', Array, false)
#4 C:\xampp\htdocs\FastCat-WMS\app\Controllers\Home.php(1596): CodeIgniter\Database\BaseBuilder->get()
#5 C:\xampp\htdocs\FastCat-WMS\system\CodeIgniter.php(934): App\Controllers\Home->printPO('PO-000000001')
#6 C:\xampp\htdocs\FastCat-WMS\system\CodeIgniter.php(499): CodeIgniter\CodeIgniter->runController(Object(App\Controllers\Home))
#7 C:\xampp\htdocs\FastCat-WMS\system\CodeIgniter.php(368): CodeIgniter\CodeIgniter->handleRequest(NULL, Object(Config\Cache), false)
#8 C:\xampp\htdocs\FastCat-WMS\public\index.php(67): CodeIgniter\CodeIgniter->run()
#9 C:\xampp\htdocs\FastCat-WMS\system\Commands\Server\rewrite.php(47): require_once('C:\\xampp\\htdocs...')
#10 {main}

Next CodeIgniter\Database\Exceptions\DatabaseException: Access denied for user '****'@'124.104.146.186' (using password: YES) in C:\xampp\htdocs\FastCat-WMS\system\Database\MySQLi\Connection.php:218
Stack trace:
#0 C:\xampp\htdocs\FastCat-WMS\system\Database\BaseConnection.php(391): CodeIgniter\Database\MySQLi\Connection->connect(false)
#1 C:\xampp\htdocs\FastCat-WMS\system\Database\BaseConnection.php(573): CodeIgniter\Database\BaseConnection->initialize()
#2 C:\xampp\htdocs\FastCat-WMS\system\Database\BaseBuilder.php(1602): CodeIgniter\Database\BaseConnection->query('SELECT `brf_num...', Array, false)
#3 C:\xampp\htdocs\FastCat-WMS\app\Controllers\Home.php(1596): CodeIgniter\Database\BaseBuilder->get()
#4 C:\xampp\htdocs\FastCat-WMS\system\CodeIgniter.php(934): App\Controllers\Home->printPO('PO-000000001')
#5 C:\xampp\htdocs\FastCat-WMS\system\CodeIgniter.php(499): CodeIgniter\CodeIgniter->runController(Object(App\Controllers\Home))
#6 C:\xampp\htdocs\FastCat-WMS\system\CodeIgniter.php(368): CodeIgniter\CodeIgniter->handleRequest(NULL, Object(Config\Cache), false)
#7 C:\xampp\htdocs\FastCat-WMS\public\index.php(67): CodeIgniter\CodeIgniter->run()
#8 C:\xampp\htdocs\FastCat-WMS\system\Commands\Server\rewrite.php(47): require_once('C:\\xampp\\htdocs...')
#9 {main}
CRITICAL - 2024-09-12 06:47:09 --> Unable to connect to the database.
Main connection [MySQLi]: Access denied for user '****'@'124.104.146.186' (using password: YES)
in SYSTEMPATH\Database\BaseConnection.php on line 427.
 1 SYSTEMPATH\Database\BaseConnection.php(573): CodeIgniter\Database\BaseConnection->initialize()
 2 SYSTEMPATH\Database\BaseBuilder.php(1602): CodeIgniter\Database\BaseConnection->query('SELECT `brf_number`
FROM `tblrequest`
WHERE `attachment` = :attachment:', [...], false)
 3 APPPATH\Controllers\Home.php(1596): CodeIgniter\Database\BaseBuilder->get()
 4 SYSTEMPATH\CodeIgniter.php(934): App\Controllers\Home->printPO('PO-000000001')
 5 SYSTEMPATH\CodeIgniter.php(499): CodeIgniter\CodeIgniter->runController(Object(App\Controllers\Home))
 6 SYSTEMPATH\CodeIgniter.php(368): CodeIgniter\CodeIgniter->handleRequest(null, Object(Config\Cache), false)
 7 FCPATH\index.php(67): CodeIgniter\CodeIgniter->run()
 8 SYSTEMPATH\Commands\Server\rewrite.php(47): require_once('FCPATH\\index.php')
INFO - 2024-09-12 06:47:33 --> Session: Class initialized using 'CodeIgniter\Session\Handlers\FileHandler' driver.
ERROR - 2024-09-12 06:47:33 --> Error connecting to the database: mysqli_sql_exception: Access denied for user 'fastctem_23d1_cg'@'124.104.146.186' (using password: NO) in C:\xampp\htdocs\FastCat-WMS\system\Database\MySQLi\Connection.php:173
Stack trace:
#0 C:\xampp\htdocs\FastCat-WMS\system\Database\MySQLi\Connection.php(173): mysqli->real_connect('192.254.226.211', 'fastctem_23d1_c...', Object(SensitiveParameterValue), 'fastctem_bms', 3306, '', 0)
#1 C:\xampp\htdocs\FastCat-WMS\system\Database\BaseConnection.php(391): CodeIgniter\Database\MySQLi\Connection->connect(false)
#2 C:\xampp\htdocs\FastCat-WMS\system\Database\BaseConnection.php(573): CodeIgniter\Database\BaseConnection->initialize()
#3 C:\xampp\htdocs\FastCat-WMS\system\Database\BaseBuilder.php(1602): CodeIgniter\Database\BaseConnection->query('SELECT `brf_num...', Array, false)
#4 C:\xampp\htdocs\FastCat-WMS\app\Controllers\Home.php(1596): CodeIgniter\Database\BaseBuilder->get()
#5 C:\xampp\htdocs\FastCat-WMS\system\CodeIgniter.php(934): App\Controllers\Home->printPO('PO-000000001')
#6 C:\xampp\htdocs\FastCat-WMS\system\CodeIgniter.php(499): CodeIgniter\CodeIgniter->runController(Object(App\Controllers\Home))
#7 C:\xampp\htdocs\FastCat-WMS\system\CodeIgniter.php(368): CodeIgniter\CodeIgniter->handleRequest(NULL, Object(Config\Cache), false)
#8 C:\xampp\htdocs\FastCat-WMS\public\index.php(67): CodeIgniter\CodeIgniter->run()
#9 C:\xampp\htdocs\FastCat-WMS\system\Commands\Server\rewrite.php(47): require_once('C:\\xampp\\htdocs...')
#10 {main}

Next CodeIgniter\Database\Exceptions\DatabaseException: Access denied for user '****'@'124.104.146.186' (using password: NO) in C:\xampp\htdocs\FastCat-WMS\system\Database\MySQLi\Connection.php:218
Stack trace:
#0 C:\xampp\htdocs\FastCat-WMS\system\Database\BaseConnection.php(391): CodeIgniter\Database\MySQLi\Connection->connect(false)
#1 C:\xampp\htdocs\FastCat-WMS\system\Database\BaseConnection.php(573): CodeIgniter\Database\BaseConnection->initialize()
#2 C:\xampp\htdocs\FastCat-WMS\system\Database\BaseBuilder.php(1602): CodeIgniter\Database\BaseConnection->query('SELECT `brf_num...', Array, false)
#3 C:\xampp\htdocs\FastCat-WMS\app\Controllers\Home.php(1596): CodeIgniter\Database\BaseBuilder->get()
#4 C:\xampp\htdocs\FastCat-WMS\system\CodeIgniter.php(934): App\Controllers\Home->printPO('PO-000000001')
#5 C:\xampp\htdocs\FastCat-WMS\system\CodeIgniter.php(499): CodeIgniter\CodeIgniter->runController(Object(App\Controllers\Home))
#6 C:\xampp\htdocs\FastCat-WMS\system\CodeIgniter.php(368): CodeIgniter\CodeIgniter->handleRequest(NULL, Object(Config\Cache), false)
#7 C:\xampp\htdocs\FastCat-WMS\public\index.php(67): CodeIgniter\CodeIgniter->run()
#8 C:\xampp\htdocs\FastCat-WMS\system\Commands\Server\rewrite.php(47): require_once('C:\\xampp\\htdocs...')
#9 {main}
CRITICAL - 2024-09-12 06:47:33 --> Unable to connect to the database.
Main connection [MySQLi]: Access denied for user '****'@'124.104.146.186' (using password: NO)
in SYSTEMPATH\Database\BaseConnection.php on line 427.
 1 SYSTEMPATH\Database\BaseConnection.php(573): CodeIgniter\Database\BaseConnection->initialize()
 2 SYSTEMPATH\Database\BaseBuilder.php(1602): CodeIgniter\Database\BaseConnection->query('SELECT `brf_number`
FROM `tblrequest`
WHERE `attachment` = :attachment:', [...], false)
 3 APPPATH\Controllers\Home.php(1596): CodeIgniter\Database\BaseBuilder->get()
 4 SYSTEMPATH\CodeIgniter.php(934): App\Controllers\Home->printPO('PO-000000001')
 5 SYSTEMPATH\CodeIgniter.php(499): CodeIgniter\CodeIgniter->runController(Object(App\Controllers\Home))
 6 SYSTEMPATH\CodeIgniter.php(368): CodeIgniter\CodeIgniter->handleRequest(null, Object(Config\Cache), false)
 7 FCPATH\index.php(67): CodeIgniter\CodeIgniter->run()
 8 SYSTEMPATH\Commands\Server\rewrite.php(47): require_once('FCPATH\\index.php')
INFO - 2024-09-12 06:48:50 --> Session: Class initialized using 'CodeIgniter\Session\Handlers\FileHandler' driver.
ERROR - 2024-09-12 06:48:50 --> Error connecting to the database: mysqli_sql_exception: Access denied for user 'fastctem_23d1_cg'@'124.104.146.186' (using password: YES) in C:\xampp\htdocs\FastCat-WMS\system\Database\MySQLi\Connection.php:173
Stack trace:
#0 C:\xampp\htdocs\FastCat-WMS\system\Database\MySQLi\Connection.php(173): mysqli->real_connect('192.254.226.211', 'fastctem_23d1_c...', Object(SensitiveParameterValue), 'fastctem_bms', 3306, '', 0)
#1 C:\xampp\htdocs\FastCat-WMS\system\Database\BaseConnection.php(391): CodeIgniter\Database\MySQLi\Connection->connect(false)
#2 C:\xampp\htdocs\FastCat-WMS\system\Database\BaseConnection.php(573): CodeIgniter\Database\BaseConnection->initialize()
#3 C:\xampp\htdocs\FastCat-WMS\system\Database\BaseBuilder.php(1602): CodeIgniter\Database\BaseConnection->query('SELECT `brf_num...', Array, false)
#4 C:\xampp\htdocs\FastCat-WMS\app\Controllers\Home.php(1596): CodeIgniter\Database\BaseBuilder->get()
#5 C:\xampp\htdocs\FastCat-WMS\system\CodeIgniter.php(934): App\Controllers\Home->printPO('PO-000000001')
#6 C:\xampp\htdocs\FastCat-WMS\system\CodeIgniter.php(499): CodeIgniter\CodeIgniter->runController(Object(App\Controllers\Home))
#7 C:\xampp\htdocs\FastCat-WMS\system\CodeIgniter.php(368): CodeIgniter\CodeIgniter->handleRequest(NULL, Object(Config\Cache), false)
#8 C:\xampp\htdocs\FastCat-WMS\public\index.php(67): CodeIgniter\CodeIgniter->run()
#9 C:\xampp\htdocs\FastCat-WMS\system\Commands\Server\rewrite.php(47): require_once('C:\\xampp\\htdocs...')
#10 {main}

Next CodeIgniter\Database\Exceptions\DatabaseException: Access denied for user '****'@'124.104.146.186' (using password: YES) in C:\xampp\htdocs\FastCat-WMS\system\Database\MySQLi\Connection.php:218
Stack trace:
#0 C:\xampp\htdocs\FastCat-WMS\system\Database\BaseConnection.php(391): CodeIgniter\Database\MySQLi\Connection->connect(false)
#1 C:\xampp\htdocs\FastCat-WMS\system\Database\BaseConnection.php(573): CodeIgniter\Database\BaseConnection->initialize()
#2 C:\xampp\htdocs\FastCat-WMS\system\Database\BaseBuilder.php(1602): CodeIgniter\Database\BaseConnection->query('SELECT `brf_num...', Array, false)
#3 C:\xampp\htdocs\FastCat-WMS\app\Controllers\Home.php(1596): CodeIgniter\Database\BaseBuilder->get()
#4 C:\xampp\htdocs\FastCat-WMS\system\CodeIgniter.php(934): App\Controllers\Home->printPO('PO-000000001')
#5 C:\xampp\htdocs\FastCat-WMS\system\CodeIgniter.php(499): CodeIgniter\CodeIgniter->runController(Object(App\Controllers\Home))
#6 C:\xampp\htdocs\FastCat-WMS\system\CodeIgniter.php(368): CodeIgniter\CodeIgniter->handleRequest(NULL, Object(Config\Cache), false)
#7 C:\xampp\htdocs\FastCat-WMS\public\index.php(67): CodeIgniter\CodeIgniter->run()
#8 C:\xampp\htdocs\FastCat-WMS\system\Commands\Server\rewrite.php(47): require_once('C:\\xampp\\htdocs...')
#9 {main}
CRITICAL - 2024-09-12 06:48:50 --> Unable to connect to the database.
Main connection [MySQLi]: Access denied for user '****'@'124.104.146.186' (using password: YES)
in SYSTEMPATH\Database\BaseConnection.php on line 427.
 1 SYSTEMPATH\Database\BaseConnection.php(573): CodeIgniter\Database\BaseConnection->initialize()
 2 SYSTEMPATH\Database\BaseBuilder.php(1602): CodeIgniter\Database\BaseConnection->query('SELECT `brf_number`
FROM `tblrequest`
WHERE `attachment` = :attachment:', [...], false)
 3 APPPATH\Controllers\Home.php(1596): CodeIgniter\Database\BaseBuilder->get()
 4 SYSTEMPATH\CodeIgniter.php(934): App\Controllers\Home->printPO('PO-000000001')
 5 SYSTEMPATH\CodeIgniter.php(499): CodeIgniter\CodeIgniter->runController(Object(App\Controllers\Home))
 6 SYSTEMPATH\CodeIgniter.php(368): CodeIgniter\CodeIgniter->handleRequest(null, Object(Config\Cache), false)
 7 FCPATH\index.php(67): CodeIgniter\CodeIgniter->run()
 8 SYSTEMPATH\Commands\Server\rewrite.php(47): require_once('FCPATH\\index.php')
INFO - 2024-09-12 06:49:19 --> Session: Class initialized using 'CodeIgniter\Session\Handlers\FileHandler' driver.
ERROR - 2024-09-12 06:49:19 --> Error connecting to the database: mysqli_sql_exception: Access denied for user 'fastctem_23d1_cg'@'localhost' (using password: YES) in C:\xampp\htdocs\FastCat-WMS\system\Database\MySQLi\Connection.php:173
Stack trace:
#0 C:\xampp\htdocs\FastCat-WMS\system\Database\MySQLi\Connection.php(173): mysqli->real_connect('localhost', 'fastctem_23d1_c...', Object(SensitiveParameterValue), 'fastctem_bms', 3306, '', 0)
#1 C:\xampp\htdocs\FastCat-WMS\system\Database\BaseConnection.php(391): CodeIgniter\Database\MySQLi\Connection->connect(false)
#2 C:\xampp\htdocs\FastCat-WMS\system\Database\BaseConnection.php(573): CodeIgniter\Database\BaseConnection->initialize()
#3 C:\xampp\htdocs\FastCat-WMS\system\Database\BaseBuilder.php(1602): CodeIgniter\Database\BaseConnection->query('SELECT `brf_num...', Array, false)
#4 C:\xampp\htdocs\FastCat-WMS\app\Controllers\Home.php(1596): CodeIgniter\Database\BaseBuilder->get()
#5 C:\xampp\htdocs\FastCat-WMS\system\CodeIgniter.php(934): App\Controllers\Home->printPO('PO-000000001')
#6 C:\xampp\htdocs\FastCat-WMS\system\CodeIgniter.php(499): CodeIgniter\CodeIgniter->runController(Object(App\Controllers\Home))
#7 C:\xampp\htdocs\FastCat-WMS\system\CodeIgniter.php(368): CodeIgniter\CodeIgniter->handleRequest(NULL, Object(Config\Cache), false)
#8 C:\xampp\htdocs\FastCat-WMS\public\index.php(67): CodeIgniter\CodeIgniter->run()
#9 C:\xampp\htdocs\FastCat-WMS\system\Commands\Server\rewrite.php(47): require_once('C:\\xampp\\htdocs...')
#10 {main}

Next CodeIgniter\Database\Exceptions\DatabaseException: Access denied for user '****'@'localhost' (using password: YES) in C:\xampp\htdocs\FastCat-WMS\system\Database\MySQLi\Connection.php:218
Stack trace:
#0 C:\xampp\htdocs\FastCat-WMS\system\Database\BaseConnection.php(391): CodeIgniter\Database\MySQLi\Connection->connect(false)
#1 C:\xampp\htdocs\FastCat-WMS\system\Database\BaseConnection.php(573): CodeIgniter\Database\BaseConnection->initialize()
#2 C:\xampp\htdocs\FastCat-WMS\system\Database\BaseBuilder.php(1602): CodeIgniter\Database\BaseConnection->query('SELECT `brf_num...', Array, false)
#3 C:\xampp\htdocs\FastCat-WMS\app\Controllers\Home.php(1596): CodeIgniter\Database\BaseBuilder->get()
#4 C:\xampp\htdocs\FastCat-WMS\system\CodeIgniter.php(934): App\Controllers\Home->printPO('PO-000000001')
#5 C:\xampp\htdocs\FastCat-WMS\system\CodeIgniter.php(499): CodeIgniter\CodeIgniter->runController(Object(App\Controllers\Home))
#6 C:\xampp\htdocs\FastCat-WMS\system\CodeIgniter.php(368): CodeIgniter\CodeIgniter->handleRequest(NULL, Object(Config\Cache), false)
#7 C:\xampp\htdocs\FastCat-WMS\public\index.php(67): CodeIgniter\CodeIgniter->run()
#8 C:\xampp\htdocs\FastCat-WMS\system\Commands\Server\rewrite.php(47): require_once('C:\\xampp\\htdocs...')
#9 {main}
CRITICAL - 2024-09-12 06:49:19 --> Unable to connect to the database.
Main connection [MySQLi]: Access denied for user '****'@'localhost' (using password: YES)
in SYSTEMPATH\Database\BaseConnection.php on line 427.
 1 SYSTEMPATH\Database\BaseConnection.php(573): CodeIgniter\Database\BaseConnection->initialize()
 2 SYSTEMPATH\Database\BaseBuilder.php(1602): CodeIgniter\Database\BaseConnection->query('SELECT `brf_number`
FROM `tblrequest`
WHERE `attachment` = :attachment:', [...], false)
 3 APPPATH\Controllers\Home.php(1596): CodeIgniter\Database\BaseBuilder->get()
 4 SYSTEMPATH\CodeIgniter.php(934): App\Controllers\Home->printPO('PO-000000001')
 5 SYSTEMPATH\CodeIgniter.php(499): CodeIgniter\CodeIgniter->runController(Object(App\Controllers\Home))
 6 SYSTEMPATH\CodeIgniter.php(368): CodeIgniter\CodeIgniter->handleRequest(null, Object(Config\Cache), false)
 7 FCPATH\index.php(67): CodeIgniter\CodeIgniter->run()
 8 SYSTEMPATH\Commands\Server\rewrite.php(47): require_once('FCPATH\\index.php')
INFO - 2024-09-12 06:49:42 --> Session: Class initialized using 'CodeIgniter\Session\Handlers\FileHandler' driver.
ERROR - 2024-09-12 06:49:45 --> Error connecting to the database: ErrorException: mysqli::real_connect(): php_network_getaddresses: getaddrinfo for https failed: No such host is known.  in C:\xampp\htdocs\FastCat-WMS\system\Database\MySQLi\Connection.php:173
Stack trace:
#0 [internal function]: CodeIgniter\Debug\Exceptions->errorHandler(2, 'mysqli::real_co...', 'C:\\xampp\\htdocs...', 173)
#1 C:\xampp\htdocs\FastCat-WMS\system\Database\MySQLi\Connection.php(173): mysqli->real_connect('https://fastcat...', 'fastctem_23d1_c...', Object(SensitiveParameterValue), 'fastctem_bms', 3306, '', 0)
#2 C:\xampp\htdocs\FastCat-WMS\system\Database\BaseConnection.php(391): CodeIgniter\Database\MySQLi\Connection->connect(false)
#3 C:\xampp\htdocs\FastCat-WMS\system\Database\BaseConnection.php(573): CodeIgniter\Database\BaseConnection->initialize()
#4 C:\xampp\htdocs\FastCat-WMS\system\Database\BaseBuilder.php(1602): CodeIgniter\Database\BaseConnection->query('SELECT `brf_num...', Array, false)
#5 C:\xampp\htdocs\FastCat-WMS\app\Controllers\Home.php(1596): CodeIgniter\Database\BaseBuilder->get()
#6 C:\xampp\htdocs\FastCat-WMS\system\CodeIgniter.php(934): App\Controllers\Home->printPO('PO-000000001')
#7 C:\xampp\htdocs\FastCat-WMS\system\CodeIgniter.php(499): CodeIgniter\CodeIgniter->runController(Object(App\Controllers\Home))
#8 C:\xampp\htdocs\FastCat-WMS\system\CodeIgniter.php(368): CodeIgniter\CodeIgniter->handleRequest(NULL, Object(Config\Cache), false)
#9 C:\xampp\htdocs\FastCat-WMS\public\index.php(67): CodeIgniter\CodeIgniter->run()
#10 C:\xampp\htdocs\FastCat-WMS\system\Commands\Server\rewrite.php(47): require_once('C:\\xampp\\htdocs...')
#11 {main}

Next mysqli_sql_exception: php_network_getaddresses: getaddrinfo for https failed: No such host is known.  in C:\xampp\htdocs\FastCat-WMS\system\Database\MySQLi\Connection.php:173
Stack trace:
#0 C:\xampp\htdocs\FastCat-WMS\system\Database\MySQLi\Connection.php(173): mysqli->real_connect('https://fastcat...', 'fastctem_23d1_c...', Object(SensitiveParameterValue), 'fastctem_bms', 3306, '', 0)
#1 C:\xampp\htdocs\FastCat-WMS\system\Database\BaseConnection.php(391): CodeIgniter\Database\MySQLi\Connection->connect(false)
#2 C:\xampp\htdocs\FastCat-WMS\system\Database\BaseConnection.php(573): CodeIgniter\Database\BaseConnection->initialize()
#3 C:\xampp\htdocs\FastCat-WMS\system\Database\BaseBuilder.php(1602): CodeIgniter\Database\BaseConnection->query('SELECT `brf_num...', Array, false)
#4 C:\xampp\htdocs\FastCat-WMS\app\Controllers\Home.php(1596): CodeIgniter\Database\BaseBuilder->get()
#5 C:\xampp\htdocs\FastCat-WMS\system\CodeIgniter.php(934): App\Controllers\Home->printPO('PO-000000001')
#6 C:\xampp\htdocs\FastCat-WMS\system\CodeIgniter.php(499): CodeIgniter\CodeIgniter->runController(Object(App\Controllers\Home))
#7 C:\xampp\htdocs\FastCat-WMS\system\CodeIgniter.php(368): CodeIgniter\CodeIgniter->handleRequest(NULL, Object(Config\Cache), false)
#8 C:\xampp\htdocs\FastCat-WMS\public\index.php(67): CodeIgniter\CodeIgniter->run()
#9 C:\xampp\htdocs\FastCat-WMS\system\Commands\Server\rewrite.php(47): require_once('C:\\xampp\\htdocs...')
#10 {main}

Next CodeIgniter\Database\Exceptions\DatabaseException: php_network_getaddresses: getaddrinfo for https failed: No such host is known.  in C:\xampp\htdocs\FastCat-WMS\system\Database\MySQLi\Connection.php:218
Stack trace:
#0 C:\xampp\htdocs\FastCat-WMS\system\Database\BaseConnection.php(391): CodeIgniter\Database\MySQLi\Connection->connect(false)
#1 C:\xampp\htdocs\FastCat-WMS\system\Database\BaseConnection.php(573): CodeIgniter\Database\BaseConnection->initialize()
#2 C:\xampp\htdocs\FastCat-WMS\system\Database\BaseBuilder.php(1602): CodeIgniter\Database\BaseConnection->query('SELECT `brf_num...', Array, false)
#3 C:\xampp\htdocs\FastCat-WMS\app\Controllers\Home.php(1596): CodeIgniter\Database\BaseBuilder->get()
#4 C:\xampp\htdocs\FastCat-WMS\system\CodeIgniter.php(934): App\Controllers\Home->printPO('PO-000000001')
#5 C:\xampp\htdocs\FastCat-WMS\system\CodeIgniter.php(499): CodeIgniter\CodeIgniter->runController(Object(App\Controllers\Home))
#6 C:\xampp\htdocs\FastCat-WMS\system\CodeIgniter.php(368): CodeIgniter\CodeIgniter->handleRequest(NULL, Object(Config\Cache), false)
#7 C:\xampp\htdocs\FastCat-WMS\public\index.php(67): CodeIgniter\CodeIgniter->run()
#8 C:\xampp\htdocs\FastCat-WMS\system\Commands\Server\rewrite.php(47): require_once('C:\\xampp\\htdocs...')
#9 {main}
CRITICAL - 2024-09-12 06:49:45 --> Unable to connect to the database.
Main connection [MySQLi]: php_network_getaddresses: getaddrinfo for https failed: No such host is known. 
in SYSTEMPATH\Database\BaseConnection.php on line 427.
 1 SYSTEMPATH\Database\BaseConnection.php(573): CodeIgniter\Database\BaseConnection->initialize()
 2 SYSTEMPATH\Database\BaseBuilder.php(1602): CodeIgniter\Database\BaseConnection->query('SELECT `brf_number`
FROM `tblrequest`
WHERE `attachment` = :attachment:', [...], false)
 3 APPPATH\Controllers\Home.php(1596): CodeIgniter\Database\BaseBuilder->get()
 4 SYSTEMPATH\CodeIgniter.php(934): App\Controllers\Home->printPO('PO-000000001')
 5 SYSTEMPATH\CodeIgniter.php(499): CodeIgniter\CodeIgniter->runController(Object(App\Controllers\Home))
 6 SYSTEMPATH\CodeIgniter.php(368): CodeIgniter\CodeIgniter->handleRequest(null, Object(Config\Cache), false)
 7 FCPATH\index.php(67): CodeIgniter\CodeIgniter->run()
 8 SYSTEMPATH\Commands\Server\rewrite.php(47): require_once('FCPATH\\index.php')
INFO - 2024-09-12 06:50:07 --> Session: Class initialized using 'CodeIgniter\Session\Handlers\FileHandler' driver.
ERROR - 2024-09-12 06:50:08 --> Error connecting to the database: mysqli_sql_exception: Access denied for user 'fastctem_23d1_cg'@'124.104.146.186' (using password: YES) in C:\xampp\htdocs\FastCat-WMS\system\Database\MySQLi\Connection.php:173
Stack trace:
#0 C:\xampp\htdocs\FastCat-WMS\system\Database\MySQLi\Connection.php(173): mysqli->real_connect('192.254.226.211...', 'fastctem_23d1_c...', Object(SensitiveParameterValue), 'fastctem_bms', 3306, '', 0)
#1 C:\xampp\htdocs\FastCat-WMS\system\Database\BaseConnection.php(391): CodeIgniter\Database\MySQLi\Connection->connect(false)
#2 C:\xampp\htdocs\FastCat-WMS\system\Database\BaseConnection.php(573): CodeIgniter\Database\BaseConnection->initialize()
#3 C:\xampp\htdocs\FastCat-WMS\system\Database\BaseBuilder.php(1602): CodeIgniter\Database\BaseConnection->query('SELECT `brf_num...', Array, false)
#4 C:\xampp\htdocs\FastCat-WMS\app\Controllers\Home.php(1596): CodeIgniter\Database\BaseBuilder->get()
#5 C:\xampp\htdocs\FastCat-WMS\system\CodeIgniter.php(934): App\Controllers\Home->printPO('PO-000000001')
#6 C:\xampp\htdocs\FastCat-WMS\system\CodeIgniter.php(499): CodeIgniter\CodeIgniter->runController(Object(App\Controllers\Home))
#7 C:\xampp\htdocs\FastCat-WMS\system\CodeIgniter.php(368): CodeIgniter\CodeIgniter->handleRequest(NULL, Object(Config\Cache), false)
#8 C:\xampp\htdocs\FastCat-WMS\public\index.php(67): CodeIgniter\CodeIgniter->run()
#9 C:\xampp\htdocs\FastCat-WMS\system\Commands\Server\rewrite.php(47): require_once('C:\\xampp\\htdocs...')
#10 {main}

Next CodeIgniter\Database\Exceptions\DatabaseException: Access denied for user '****'@'124.104.146.186' (using password: YES) in C:\xampp\htdocs\FastCat-WMS\system\Database\MySQLi\Connection.php:218
Stack trace:
#0 C:\xampp\htdocs\FastCat-WMS\system\Database\BaseConnection.php(391): CodeIgniter\Database\MySQLi\Connection->connect(false)
#1 C:\xampp\htdocs\FastCat-WMS\system\Database\BaseConnection.php(573): CodeIgniter\Database\BaseConnection->initialize()
#2 C:\xampp\htdocs\FastCat-WMS\system\Database\BaseBuilder.php(1602): CodeIgniter\Database\BaseConnection->query('SELECT `brf_num...', Array, false)
#3 C:\xampp\htdocs\FastCat-WMS\app\Controllers\Home.php(1596): CodeIgniter\Database\BaseBuilder->get()
#4 C:\xampp\htdocs\FastCat-WMS\system\CodeIgniter.php(934): App\Controllers\Home->printPO('PO-000000001')
#5 C:\xampp\htdocs\FastCat-WMS\system\CodeIgniter.php(499): CodeIgniter\CodeIgniter->runController(Object(App\Controllers\Home))
#6 C:\xampp\htdocs\FastCat-WMS\system\CodeIgniter.php(368): CodeIgniter\CodeIgniter->handleRequest(NULL, Object(Config\Cache), false)
#7 C:\xampp\htdocs\FastCat-WMS\public\index.php(67): CodeIgniter\CodeIgniter->run()
#8 C:\xampp\htdocs\FastCat-WMS\system\Commands\Server\rewrite.php(47): require_once('C:\\xampp\\htdocs...')
#9 {main}
CRITICAL - 2024-09-12 06:50:08 --> Unable to connect to the database.
Main connection [MySQLi]: Access denied for user '****'@'124.104.146.186' (using password: YES)
in SYSTEMPATH\Database\BaseConnection.php on line 427.
 1 SYSTEMPATH\Database\BaseConnection.php(573): CodeIgniter\Database\BaseConnection->initialize()
 2 SYSTEMPATH\Database\BaseBuilder.php(1602): CodeIgniter\Database\BaseConnection->query('SELECT `brf_number`
FROM `tblrequest`
WHERE `attachment` = :attachment:', [...], false)
 3 APPPATH\Controllers\Home.php(1596): CodeIgniter\Database\BaseBuilder->get()
 4 SYSTEMPATH\CodeIgniter.php(934): App\Controllers\Home->printPO('PO-000000001')
 5 SYSTEMPATH\CodeIgniter.php(499): CodeIgniter\CodeIgniter->runController(Object(App\Controllers\Home))
 6 SYSTEMPATH\CodeIgniter.php(368): CodeIgniter\CodeIgniter->handleRequest(null, Object(Config\Cache), false)
 7 FCPATH\index.php(67): CodeIgniter\CodeIgniter->run()
 8 SYSTEMPATH\Commands\Server\rewrite.php(47): require_once('FCPATH\\index.php')
INFO - 2024-09-12 06:52:16 --> Session: Class initialized using 'CodeIgniter\Session\Handlers\FileHandler' driver.
ERROR - 2024-09-12 06:52:16 --> Error connecting to the database: mysqli_sql_exception: Access denied for user 'fastctem_23d1_cg'@'124.104.146.186' (using password: YES) in C:\xampp\htdocs\FastCat-WMS\system\Database\MySQLi\Connection.php:173
Stack trace:
#0 C:\xampp\htdocs\FastCat-WMS\system\Database\MySQLi\Connection.php(173): mysqli->real_connect('192.254.226.211', 'fastctem_23d1_c...', Object(SensitiveParameterValue), 'fastctem_bms', 3306, '', 0)
#1 C:\xampp\htdocs\FastCat-WMS\system\Database\BaseConnection.php(391): CodeIgniter\Database\MySQLi\Connection->connect(false)
#2 C:\xampp\htdocs\FastCat-WMS\system\Database\BaseConnection.php(573): CodeIgniter\Database\BaseConnection->initialize()
#3 C:\xampp\htdocs\FastCat-WMS\system\Database\BaseBuilder.php(1602): CodeIgniter\Database\BaseConnection->query('SELECT `brf_num...', Array, false)
#4 C:\xampp\htdocs\FastCat-WMS\app\Controllers\Home.php(1596): CodeIgniter\Database\BaseBuilder->get()
#5 C:\xampp\htdocs\FastCat-WMS\system\CodeIgniter.php(934): App\Controllers\Home->printPO('PO-000000001')
#6 C:\xampp\htdocs\FastCat-WMS\system\CodeIgniter.php(499): CodeIgniter\CodeIgniter->runController(Object(App\Controllers\Home))
#7 C:\xampp\htdocs\FastCat-WMS\system\CodeIgniter.php(368): CodeIgniter\CodeIgniter->handleRequest(NULL, Object(Config\Cache), false)
#8 C:\xampp\htdocs\FastCat-WMS\public\index.php(67): CodeIgniter\CodeIgniter->run()
#9 C:\xampp\htdocs\FastCat-WMS\system\Commands\Server\rewrite.php(47): require_once('C:\\xampp\\htdocs...')
#10 {main}

Next CodeIgniter\Database\Exceptions\DatabaseException: Access denied for user '****'@'124.104.146.186' (using password: YES) in C:\xampp\htdocs\FastCat-WMS\system\Database\MySQLi\Connection.php:218
Stack trace:
#0 C:\xampp\htdocs\FastCat-WMS\system\Database\BaseConnection.php(391): CodeIgniter\Database\MySQLi\Connection->connect(false)
#1 C:\xampp\htdocs\FastCat-WMS\system\Database\BaseConnection.php(573): CodeIgniter\Database\BaseConnection->initialize()
#2 C:\xampp\htdocs\FastCat-WMS\system\Database\BaseBuilder.php(1602): CodeIgniter\Database\BaseConnection->query('SELECT `brf_num...', Array, false)
#3 C:\xampp\htdocs\FastCat-WMS\app\Controllers\Home.php(1596): CodeIgniter\Database\BaseBuilder->get()
#4 C:\xampp\htdocs\FastCat-WMS\system\CodeIgniter.php(934): App\Controllers\Home->printPO('PO-000000001')
#5 C:\xampp\htdocs\FastCat-WMS\system\CodeIgniter.php(499): CodeIgniter\CodeIgniter->runController(Object(App\Controllers\Home))
#6 C:\xampp\htdocs\FastCat-WMS\system\CodeIgniter.php(368): CodeIgniter\CodeIgniter->handleRequest(NULL, Object(Config\Cache), false)
#7 C:\xampp\htdocs\FastCat-WMS\public\index.php(67): CodeIgniter\CodeIgniter->run()
#8 C:\xampp\htdocs\FastCat-WMS\system\Commands\Server\rewrite.php(47): require_once('C:\\xampp\\htdocs...')
#9 {main}
CRITICAL - 2024-09-12 06:52:16 --> Unable to connect to the database.
Main connection [MySQLi]: Access denied for user '****'@'124.104.146.186' (using password: YES)
in SYSTEMPATH\Database\BaseConnection.php on line 427.
 1 SYSTEMPATH\Database\BaseConnection.php(573): CodeIgniter\Database\BaseConnection->initialize()
 2 SYSTEMPATH\Database\BaseBuilder.php(1602): CodeIgniter\Database\BaseConnection->query('SELECT `brf_number`
FROM `tblrequest`
WHERE `attachment` = :attachment:', [...], false)
 3 APPPATH\Controllers\Home.php(1596): CodeIgniter\Database\BaseBuilder->get()
 4 SYSTEMPATH\CodeIgniter.php(934): App\Controllers\Home->printPO('PO-000000001')
 5 SYSTEMPATH\CodeIgniter.php(499): CodeIgniter\CodeIgniter->runController(Object(App\Controllers\Home))
 6 SYSTEMPATH\CodeIgniter.php(368): CodeIgniter\CodeIgniter->handleRequest(null, Object(Config\Cache), false)
 7 FCPATH\index.php(67): CodeIgniter\CodeIgniter->run()
 8 SYSTEMPATH\Commands\Server\rewrite.php(47): require_once('FCPATH\\index.php')
INFO - 2024-09-12 06:55:45 --> Session: Class initialized using 'CodeIgniter\Session\Handlers\FileHandler' driver.
ERROR - 2024-09-12 06:55:45 --> Error connecting to the database: mysqli_sql_exception: Access denied for user 'fastctem'@'124.104.146.186' (using password: YES) in C:\xampp\htdocs\FastCat-WMS\system\Database\MySQLi\Connection.php:173
Stack trace:
#0 C:\xampp\htdocs\FastCat-WMS\system\Database\MySQLi\Connection.php(173): mysqli->real_connect('192.254.226.211', 'fastctem', Object(SensitiveParameterValue), 'fastctem_bms', 3306, '', 0)
#1 C:\xampp\htdocs\FastCat-WMS\system\Database\BaseConnection.php(391): CodeIgniter\Database\MySQLi\Connection->connect(false)
#2 C:\xampp\htdocs\FastCat-WMS\system\Database\BaseConnection.php(573): CodeIgniter\Database\BaseConnection->initialize()
#3 C:\xampp\htdocs\FastCat-WMS\system\Database\BaseBuilder.php(1602): CodeIgniter\Database\BaseConnection->query('SELECT `brf_num...', Array, false)
#4 C:\xampp\htdocs\FastCat-WMS\app\Controllers\Home.php(1596): CodeIgniter\Database\BaseBuilder->get()
#5 C:\xampp\htdocs\FastCat-WMS\system\CodeIgniter.php(934): App\Controllers\Home->printPO('PO-000000001')
#6 C:\xampp\htdocs\FastCat-WMS\system\CodeIgniter.php(499): CodeIgniter\CodeIgniter->runController(Object(App\Controllers\Home))
#7 C:\xampp\htdocs\FastCat-WMS\system\CodeIgniter.php(368): CodeIgniter\CodeIgniter->handleRequest(NULL, Object(Config\Cache), false)
#8 C:\xampp\htdocs\FastCat-WMS\public\index.php(67): CodeIgniter\CodeIgniter->run()
#9 C:\xampp\htdocs\FastCat-WMS\system\Commands\Server\rewrite.php(47): require_once('C:\\xampp\\htdocs...')
#10 {main}

Next CodeIgniter\Database\Exceptions\DatabaseException: Access denied for user '****'@'124.104.146.186' (using password: YES) in C:\xampp\htdocs\FastCat-WMS\system\Database\MySQLi\Connection.php:218
Stack trace:
#0 C:\xampp\htdocs\FastCat-WMS\system\Database\BaseConnection.php(391): CodeIgniter\Database\MySQLi\Connection->connect(false)
#1 C:\xampp\htdocs\FastCat-WMS\system\Database\BaseConnection.php(573): CodeIgniter\Database\BaseConnection->initialize()
#2 C:\xampp\htdocs\FastCat-WMS\system\Database\BaseBuilder.php(1602): CodeIgniter\Database\BaseConnection->query('SELECT `brf_num...', Array, false)
#3 C:\xampp\htdocs\FastCat-WMS\app\Controllers\Home.php(1596): CodeIgniter\Database\BaseBuilder->get()
#4 C:\xampp\htdocs\FastCat-WMS\system\CodeIgniter.php(934): App\Controllers\Home->printPO('PO-000000001')
#5 C:\xampp\htdocs\FastCat-WMS\system\CodeIgniter.php(499): CodeIgniter\CodeIgniter->runController(Object(App\Controllers\Home))
#6 C:\xampp\htdocs\FastCat-WMS\system\CodeIgniter.php(368): CodeIgniter\CodeIgniter->handleRequest(NULL, Object(Config\Cache), false)
#7 C:\xampp\htdocs\FastCat-WMS\public\index.php(67): CodeIgniter\CodeIgniter->run()
#8 C:\xampp\htdocs\FastCat-WMS\system\Commands\Server\rewrite.php(47): require_once('C:\\xampp\\htdocs...')
#9 {main}
CRITICAL - 2024-09-12 06:55:45 --> Unable to connect to the database.
Main connection [MySQLi]: Access denied for user '****'@'124.104.146.186' (using password: YES)
in SYSTEMPATH\Database\BaseConnection.php on line 427.
 1 SYSTEMPATH\Database\BaseConnection.php(573): CodeIgniter\Database\BaseConnection->initialize()
 2 SYSTEMPATH\Database\BaseBuilder.php(1602): CodeIgniter\Database\BaseConnection->query('SELECT `brf_number`
FROM `tblrequest`
WHERE `attachment` = :attachment:', [...], false)
 3 APPPATH\Controllers\Home.php(1596): CodeIgniter\Database\BaseBuilder->get()
 4 SYSTEMPATH\CodeIgniter.php(934): App\Controllers\Home->printPO('PO-000000001')
 5 SYSTEMPATH\CodeIgniter.php(499): CodeIgniter\CodeIgniter->runController(Object(App\Controllers\Home))
 6 SYSTEMPATH\CodeIgniter.php(368): CodeIgniter\CodeIgniter->handleRequest(null, Object(Config\Cache), false)
 7 FCPATH\index.php(67): CodeIgniter\CodeIgniter->run()
 8 SYSTEMPATH\Commands\Server\rewrite.php(47): require_once('FCPATH\\index.php')
INFO - 2024-09-12 06:59:01 --> Session: Class initialized using 'CodeIgniter\Session\Handlers\FileHandler' driver.
ERROR - 2024-09-12 06:59:02 --> Error connecting to the database: mysqli_sql_exception: Access denied for user 'cpses_facqnk562c'@'124.104.146.186' (using password: YES) in C:\xampp\htdocs\FastCat-WMS\system\Database\MySQLi\Connection.php:173
Stack trace:
#0 C:\xampp\htdocs\FastCat-WMS\system\Database\MySQLi\Connection.php(173): mysqli->real_connect('192.254.226.211', 'cpses_facqnk562...', Object(SensitiveParameterValue), 'fastctem_bms', 3306, '', 0)
#1 C:\xampp\htdocs\FastCat-WMS\system\Database\BaseConnection.php(391): CodeIgniter\Database\MySQLi\Connection->connect(false)
#2 C:\xampp\htdocs\FastCat-WMS\system\Database\BaseConnection.php(573): CodeIgniter\Database\BaseConnection->initialize()
#3 C:\xampp\htdocs\FastCat-WMS\system\Database\BaseBuilder.php(1602): CodeIgniter\Database\BaseConnection->query('SELECT `brf_num...', Array, false)
#4 C:\xampp\htdocs\FastCat-WMS\app\Controllers\Home.php(1596): CodeIgniter\Database\BaseBuilder->get()
#5 C:\xampp\htdocs\FastCat-WMS\system\CodeIgniter.php(934): App\Controllers\Home->printPO('PO-000000001')
#6 C:\xampp\htdocs\FastCat-WMS\system\CodeIgniter.php(499): CodeIgniter\CodeIgniter->runController(Object(App\Controllers\Home))
#7 C:\xampp\htdocs\FastCat-WMS\system\CodeIgniter.php(368): CodeIgniter\CodeIgniter->handleRequest(NULL, Object(Config\Cache), false)
#8 C:\xampp\htdocs\FastCat-WMS\public\index.php(67): CodeIgniter\CodeIgniter->run()
#9 C:\xampp\htdocs\FastCat-WMS\system\Commands\Server\rewrite.php(47): require_once('C:\\xampp\\htdocs...')
#10 {main}

Next CodeIgniter\Database\Exceptions\DatabaseException: Access denied for user '****'@'124.104.146.186' (using password: YES) in C:\xampp\htdocs\FastCat-WMS\system\Database\MySQLi\Connection.php:218
Stack trace:
#0 C:\xampp\htdocs\FastCat-WMS\system\Database\BaseConnection.php(391): CodeIgniter\Database\MySQLi\Connection->connect(false)
#1 C:\xampp\htdocs\FastCat-WMS\system\Database\BaseConnection.php(573): CodeIgniter\Database\BaseConnection->initialize()
#2 C:\xampp\htdocs\FastCat-WMS\system\Database\BaseBuilder.php(1602): CodeIgniter\Database\BaseConnection->query('SELECT `brf_num...', Array, false)
#3 C:\xampp\htdocs\FastCat-WMS\app\Controllers\Home.php(1596): CodeIgniter\Database\BaseBuilder->get()
#4 C:\xampp\htdocs\FastCat-WMS\system\CodeIgniter.php(934): App\Controllers\Home->printPO('PO-000000001')
#5 C:\xampp\htdocs\FastCat-WMS\system\CodeIgniter.php(499): CodeIgniter\CodeIgniter->runController(Object(App\Controllers\Home))
#6 C:\xampp\htdocs\FastCat-WMS\system\CodeIgniter.php(368): CodeIgniter\CodeIgniter->handleRequest(NULL, Object(Config\Cache), false)
#7 C:\xampp\htdocs\FastCat-WMS\public\index.php(67): CodeIgniter\CodeIgniter->run()
#8 C:\xampp\htdocs\FastCat-WMS\system\Commands\Server\rewrite.php(47): require_once('C:\\xampp\\htdocs...')
#9 {main}
CRITICAL - 2024-09-12 06:59:02 --> Unable to connect to the database.
Main connection [MySQLi]: Access denied for user '****'@'124.104.146.186' (using password: YES)
in SYSTEMPATH\Database\BaseConnection.php on line 427.
 1 SYSTEMPATH\Database\BaseConnection.php(573): CodeIgniter\Database\BaseConnection->initialize()
 2 SYSTEMPATH\Database\BaseBuilder.php(1602): CodeIgniter\Database\BaseConnection->query('SELECT `brf_number`
FROM `tblrequest`
WHERE `attachment` = :attachment:', [...], false)
 3 APPPATH\Controllers\Home.php(1596): CodeIgniter\Database\BaseBuilder->get()
 4 SYSTEMPATH\CodeIgniter.php(934): App\Controllers\Home->printPO('PO-000000001')
 5 SYSTEMPATH\CodeIgniter.php(499): CodeIgniter\CodeIgniter->runController(Object(App\Controllers\Home))
 6 SYSTEMPATH\CodeIgniter.php(368): CodeIgniter\CodeIgniter->handleRequest(null, Object(Config\Cache), false)
 7 FCPATH\index.php(67): CodeIgniter\CodeIgniter->run()
 8 SYSTEMPATH\Commands\Server\rewrite.php(47): require_once('FCPATH\\index.php')
INFO - 2024-09-12 06:59:21 --> Session: Class initialized using 'CodeIgniter\Session\Handlers\FileHandler' driver.
ERROR - 2024-09-12 06:59:22 --> Error connecting to the database: mysqli_sql_exception: Access denied for user 'fastctem_23d1_cg'@'124.104.146.186' (using password: YES) in C:\xampp\htdocs\FastCat-WMS\system\Database\MySQLi\Connection.php:173
Stack trace:
#0 C:\xampp\htdocs\FastCat-WMS\system\Database\MySQLi\Connection.php(173): mysqli->real_connect('192.254.226.211', 'fastctem_23d1_c...', Object(SensitiveParameterValue), 'fastctem_bms', 3306, '', 0)
#1 C:\xampp\htdocs\FastCat-WMS\system\Database\BaseConnection.php(391): CodeIgniter\Database\MySQLi\Connection->connect(false)
#2 C:\xampp\htdocs\FastCat-WMS\system\Database\BaseConnection.php(573): CodeIgniter\Database\BaseConnection->initialize()
#3 C:\xampp\htdocs\FastCat-WMS\system\Database\BaseBuilder.php(1602): CodeIgniter\Database\BaseConnection->query('SELECT `brf_num...', Array, false)
#4 C:\xampp\htdocs\FastCat-WMS\app\Controllers\Home.php(1596): CodeIgniter\Database\BaseBuilder->get()
#5 C:\xampp\htdocs\FastCat-WMS\system\CodeIgniter.php(934): App\Controllers\Home->printPO('PO-000000001')
#6 C:\xampp\htdocs\FastCat-WMS\system\CodeIgniter.php(499): CodeIgniter\CodeIgniter->runController(Object(App\Controllers\Home))
#7 C:\xampp\htdocs\FastCat-WMS\system\CodeIgniter.php(368): CodeIgniter\CodeIgniter->handleRequest(NULL, Object(Config\Cache), false)
#8 C:\xampp\htdocs\FastCat-WMS\public\index.php(67): CodeIgniter\CodeIgniter->run()
#9 C:\xampp\htdocs\FastCat-WMS\system\Commands\Server\rewrite.php(47): require_once('C:\\xampp\\htdocs...')
#10 {main}

Next CodeIgniter\Database\Exceptions\DatabaseException: Access denied for user '****'@'124.104.146.186' (using password: YES) in C:\xampp\htdocs\FastCat-WMS\system\Database\MySQLi\Connection.php:218
Stack trace:
#0 C:\xampp\htdocs\FastCat-WMS\system\Database\BaseConnection.php(391): CodeIgniter\Database\MySQLi\Connection->connect(false)
#1 C:\xampp\htdocs\FastCat-WMS\system\Database\BaseConnection.php(573): CodeIgniter\Database\BaseConnection->initialize()
#2 C:\xampp\htdocs\FastCat-WMS\system\Database\BaseBuilder.php(1602): CodeIgniter\Database\BaseConnection->query('SELECT `brf_num...', Array, false)
#3 C:\xampp\htdocs\FastCat-WMS\app\Controllers\Home.php(1596): CodeIgniter\Database\BaseBuilder->get()
#4 C:\xampp\htdocs\FastCat-WMS\system\CodeIgniter.php(934): App\Controllers\Home->printPO('PO-000000001')
#5 C:\xampp\htdocs\FastCat-WMS\system\CodeIgniter.php(499): CodeIgniter\CodeIgniter->runController(Object(App\Controllers\Home))
#6 C:\xampp\htdocs\FastCat-WMS\system\CodeIgniter.php(368): CodeIgniter\CodeIgniter->handleRequest(NULL, Object(Config\Cache), false)
#7 C:\xampp\htdocs\FastCat-WMS\public\index.php(67): CodeIgniter\CodeIgniter->run()
#8 C:\xampp\htdocs\FastCat-WMS\system\Commands\Server\rewrite.php(47): require_once('C:\\xampp\\htdocs...')
#9 {main}
CRITICAL - 2024-09-12 06:59:22 --> Unable to connect to the database.
Main connection [MySQLi]: Access denied for user '****'@'124.104.146.186' (using password: YES)
in SYSTEMPATH\Database\BaseConnection.php on line 427.
 1 SYSTEMPATH\Database\BaseConnection.php(573): CodeIgniter\Database\BaseConnection->initialize()
 2 SYSTEMPATH\Database\BaseBuilder.php(1602): CodeIgniter\Database\BaseConnection->query('SELECT `brf_number`
FROM `tblrequest`
WHERE `attachment` = :attachment:', [...], false)
 3 APPPATH\Controllers\Home.php(1596): CodeIgniter\Database\BaseBuilder->get()
 4 SYSTEMPATH\CodeIgniter.php(934): App\Controllers\Home->printPO('PO-000000001')
 5 SYSTEMPATH\CodeIgniter.php(499): CodeIgniter\CodeIgniter->runController(Object(App\Controllers\Home))
 6 SYSTEMPATH\CodeIgniter.php(368): CodeIgniter\CodeIgniter->handleRequest(null, Object(Config\Cache), false)
 7 FCPATH\index.php(67): CodeIgniter\CodeIgniter->run()
 8 SYSTEMPATH\Commands\Server\rewrite.php(47): require_once('FCPATH\\index.php')
INFO - 2024-09-12 06:59:28 --> Session: Class initialized using 'CodeIgniter\Session\Handlers\FileHandler' driver.
ERROR - 2024-09-12 06:59:28 --> Error connecting to the database: mysqli_sql_exception: Access denied for user 'fastctem_23d1_cg'@'124.104.146.186' (using password: YES) in C:\xampp\htdocs\FastCat-WMS\system\Database\MySQLi\Connection.php:173
Stack trace:
#0 C:\xampp\htdocs\FastCat-WMS\system\Database\MySQLi\Connection.php(173): mysqli->real_connect('192.254.226.211', 'fastctem_23d1_c...', Object(SensitiveParameterValue), 'fastctem_bms', 3306, '', 0)
#1 C:\xampp\htdocs\FastCat-WMS\system\Database\BaseConnection.php(391): CodeIgniter\Database\MySQLi\Connection->connect(false)
#2 C:\xampp\htdocs\FastCat-WMS\system\Database\BaseConnection.php(573): CodeIgniter\Database\BaseConnection->initialize()
#3 C:\xampp\htdocs\FastCat-WMS\system\Database\BaseBuilder.php(1602): CodeIgniter\Database\BaseConnection->query('SELECT `brf_num...', Array, false)
#4 C:\xampp\htdocs\FastCat-WMS\app\Controllers\Home.php(1596): CodeIgniter\Database\BaseBuilder->get()
#5 C:\xampp\htdocs\FastCat-WMS\system\CodeIgniter.php(934): App\Controllers\Home->printPO('PO-000000001')
#6 C:\xampp\htdocs\FastCat-WMS\system\CodeIgniter.php(499): CodeIgniter\CodeIgniter->runController(Object(App\Controllers\Home))
#7 C:\xampp\htdocs\FastCat-WMS\system\CodeIgniter.php(368): CodeIgniter\CodeIgniter->handleRequest(NULL, Object(Config\Cache), false)
#8 C:\xampp\htdocs\FastCat-WMS\public\index.php(67): CodeIgniter\CodeIgniter->run()
#9 C:\xampp\htdocs\FastCat-WMS\system\Commands\Server\rewrite.php(47): require_once('C:\\xampp\\htdocs...')
#10 {main}

Next CodeIgniter\Database\Exceptions\DatabaseException: Access denied for user '****'@'124.104.146.186' (using password: YES) in C:\xampp\htdocs\FastCat-WMS\system\Database\MySQLi\Connection.php:218
Stack trace:
#0 C:\xampp\htdocs\FastCat-WMS\system\Database\BaseConnection.php(391): CodeIgniter\Database\MySQLi\Connection->connect(false)
#1 C:\xampp\htdocs\FastCat-WMS\system\Database\BaseConnection.php(573): CodeIgniter\Database\BaseConnection->initialize()
#2 C:\xampp\htdocs\FastCat-WMS\system\Database\BaseBuilder.php(1602): CodeIgniter\Database\BaseConnection->query('SELECT `brf_num...', Array, false)
#3 C:\xampp\htdocs\FastCat-WMS\app\Controllers\Home.php(1596): CodeIgniter\Database\BaseBuilder->get()
#4 C:\xampp\htdocs\FastCat-WMS\system\CodeIgniter.php(934): App\Controllers\Home->printPO('PO-000000001')
#5 C:\xampp\htdocs\FastCat-WMS\system\CodeIgniter.php(499): CodeIgniter\CodeIgniter->runController(Object(App\Controllers\Home))
#6 C:\xampp\htdocs\FastCat-WMS\system\CodeIgniter.php(368): CodeIgniter\CodeIgniter->handleRequest(NULL, Object(Config\Cache), false)
#7 C:\xampp\htdocs\FastCat-WMS\public\index.php(67): CodeIgniter\CodeIgniter->run()
#8 C:\xampp\htdocs\FastCat-WMS\system\Commands\Server\rewrite.php(47): require_once('C:\\xampp\\htdocs...')
#9 {main}
CRITICAL - 2024-09-12 06:59:28 --> Unable to connect to the database.
Main connection [MySQLi]: Access denied for user '****'@'124.104.146.186' (using password: YES)
in SYSTEMPATH\Database\BaseConnection.php on line 427.
 1 SYSTEMPATH\Database\BaseConnection.php(573): CodeIgniter\Database\BaseConnection->initialize()
 2 SYSTEMPATH\Database\BaseBuilder.php(1602): CodeIgniter\Database\BaseConnection->query('SELECT `brf_number`
FROM `tblrequest`
WHERE `attachment` = :attachment:', [...], false)
 3 APPPATH\Controllers\Home.php(1596): CodeIgniter\Database\BaseBuilder->get()
 4 SYSTEMPATH\CodeIgniter.php(934): App\Controllers\Home->printPO('PO-000000001')
 5 SYSTEMPATH\CodeIgniter.php(499): CodeIgniter\CodeIgniter->runController(Object(App\Controllers\Home))
 6 SYSTEMPATH\CodeIgniter.php(368): CodeIgniter\CodeIgniter->handleRequest(null, Object(Config\Cache), false)
 7 FCPATH\index.php(67): CodeIgniter\CodeIgniter->run()
 8 SYSTEMPATH\Commands\Server\rewrite.php(47): require_once('FCPATH\\index.php')
INFO - 2024-09-12 07:04:52 --> Session: Class initialized using 'CodeIgniter\Session\Handlers\FileHandler' driver.
CRITICAL - 2024-09-12 07:04:52 --> Undefined variable $brf
in APPPATH\Views\print.php on line 1.
 1 APPPATH\Views\print.php(1): CodeIgniter\Debug\Exceptions->errorHandler(2, 'Undefined variable $brf', 'APPPATH\\Views\\print.php', 1)
 2 SYSTEMPATH\View\View.php(213): include('APPPATH\\Views\\print.php')
 3 SYSTEMPATH\View\View.php(216): CodeIgniter\View\View->CodeIgniter\View\{closure}()
 4 SYSTEMPATH\Common.php(1177): CodeIgniter\View\View->render('print', [], true)
 5 APPPATH\Controllers\Home.php(1593): view('print')
 6 SYSTEMPATH\CodeIgniter.php(934): App\Controllers\Home->printPO('PO-000000001')
 7 SYSTEMPATH\CodeIgniter.php(499): CodeIgniter\CodeIgniter->runController(Object(App\Controllers\Home))
 8 SYSTEMPATH\CodeIgniter.php(368): CodeIgniter\CodeIgniter->handleRequest(null, Object(Config\Cache), false)
 9 FCPATH\index.php(67): CodeIgniter\CodeIgniter->run()
10 SYSTEMPATH\Commands\Server\rewrite.php(47): require_once('FCPATH\\index.php')
INFO - 2024-09-12 07:05:05 --> Session: Class initialized using 'CodeIgniter\Session\Handlers\FileHandler' driver.
INFO - 2024-09-12 07:10:59 --> Session: Class initialized using 'CodeIgniter\Session\Handlers\FileHandler' driver.
INFO - 2024-09-12 07:11:08 --> Session: Class initialized using 'CodeIgniter\Session\Handlers\FileHandler' driver.
INFO - 2024-09-12 07:11:08 --> Session: Class initialized using 'CodeIgniter\Session\Handlers\FileHandler' driver.
CRITICAL - 2024-09-12 07:11:08 --> Trying to access array offset on value of type null
in APPPATH\Views\generate-prf.php on line 451.
 1 APPPATH\Views\generate-prf.php(451): CodeIgniter\Debug\Exceptions->errorHandler(2, 'Trying to access array offset on value of type null', 'APPPATH\\Views\\generate-prf.php', 451)
 2 SYSTEMPATH\View\View.php(213): include('APPPATH\\Views\\generate-prf.php')
 3 SYSTEMPATH\View\View.php(216): CodeIgniter\View\View->CodeIgniter\View\{closure}()
 4 SYSTEMPATH\Common.php(1177): CodeIgniter\View\View->render('generate-prf', [], true)
 5 APPPATH\Controllers\Home.php(1414): view('generate-prf', [...])
 6 SYSTEMPATH\CodeIgniter.php(934): App\Controllers\Home->generatePRF('vendors', 'images', 'github.svg')
 7 SYSTEMPATH\CodeIgniter.php(499): CodeIgniter\CodeIgniter->runController(Object(App\Controllers\Home))
 8 SYSTEMPATH\CodeIgniter.php(368): CodeIgniter\CodeIgniter->handleRequest(null, Object(Config\Cache), false)
 9 FCPATH\index.php(67): CodeIgniter\CodeIgniter->run()
10 SYSTEMPATH\Commands\Server\rewrite.php(47): require_once('FCPATH\\index.php')
INFO - 2024-09-12 07:12:54 --> Session: Class initialized using 'CodeIgniter\Session\Handlers\FileHandler' driver.
INFO - 2024-09-12 07:12:55 --> Session: Class initialized using 'CodeIgniter\Session\Handlers\FileHandler' driver.
INFO - 2024-09-12 07:13:47 --> Session: Class initialized using 'CodeIgniter\Session\Handlers\FileHandler' driver.
INFO - 2024-09-12 07:13:48 --> Session: Class initialized using 'CodeIgniter\Session\Handlers\FileHandler' driver.
INFO - 2024-09-12 07:14:19 --> Session: Class initialized using 'CodeIgniter\Session\Handlers\FileHandler' driver.
INFO - 2024-09-12 07:14:19 --> Session: Class initialized using 'CodeIgniter\Session\Handlers\FileHandler' driver.
INFO - 2024-09-12 07:15:49 --> Session: Class initialized using 'CodeIgniter\Session\Handlers\FileHandler' driver.
INFO - 2024-09-12 07:15:49 --> Session: Class initialized using 'CodeIgniter\Session\Handlers\FileHandler' driver.
INFO - 2024-09-12 07:16:23 --> Session: Class initialized using 'CodeIgniter\Session\Handlers\FileHandler' driver.
INFO - 2024-09-12 07:16:24 --> Session: Class initialized using 'CodeIgniter\Session\Handlers\FileHandler' driver.
INFO - 2024-09-12 07:17:10 --> Session: Class initialized using 'CodeIgniter\Session\Handlers\FileHandler' driver.
INFO - 2024-09-12 07:17:10 --> Session: Class initialized using 'CodeIgniter\Session\Handlers\FileHandler' driver.
INFO - 2024-09-12 07:17:44 --> Session: Class initialized using 'CodeIgniter\Session\Handlers\FileHandler' driver.
INFO - 2024-09-12 07:17:44 --> Session: Class initialized using 'CodeIgniter\Session\Handlers\FileHandler' driver.
INFO - 2024-09-12 07:18:15 --> Session: Class initialized using 'CodeIgniter\Session\Handlers\FileHandler' driver.
INFO - 2024-09-12 07:18:16 --> Session: Class initialized using 'CodeIgniter\Session\Handlers\FileHandler' driver.
INFO - 2024-09-12 07:18:32 --> Session: Class initialized using 'CodeIgniter\Session\Handlers\FileHandler' driver.
INFO - 2024-09-12 07:18:32 --> Session: Class initialized using 'CodeIgniter\Session\Handlers\FileHandler' driver.
INFO - 2024-09-12 07:18:54 --> Session: Class initialized using 'CodeIgniter\Session\Handlers\FileHandler' driver.
INFO - 2024-09-12 07:18:54 --> Session: Class initialized using 'CodeIgniter\Session\Handlers\FileHandler' driver.
INFO - 2024-09-12 07:19:44 --> Session: Class initialized using 'CodeIgniter\Session\Handlers\FileHandler' driver.
INFO - 2024-09-12 07:19:44 --> Session: Class initialized using 'CodeIgniter\Session\Handlers\FileHandler' driver.
INFO - 2024-09-12 07:20:05 --> Session: Class initialized using 'CodeIgniter\Session\Handlers\FileHandler' driver.
INFO - 2024-09-12 07:20:05 --> Session: Class initialized using 'CodeIgniter\Session\Handlers\FileHandler' driver.
INFO - 2024-09-12 07:27:17 --> Session: Class initialized using 'CodeIgniter\Session\Handlers\FileHandler' driver.
CRITICAL - 2024-09-12 07:27:17 --> Undefined variable $data
in APPPATH\Views\print.php on line 453.
 1 APPPATH\Views\print.php(453): CodeIgniter\Debug\Exceptions->errorHandler(2, 'Undefined variable $data', 'APPPATH\\Views\\print.php', 453)
 2 SYSTEMPATH\View\View.php(213): include('APPPATH\\Views\\print.php')
 3 SYSTEMPATH\View\View.php(216): CodeIgniter\View\View->CodeIgniter\View\{closure}()
 4 SYSTEMPATH\Common.php(1177): CodeIgniter\View\View->render('print', [], true)
 5 APPPATH\Controllers\Home.php(1593): view('print', [...])
 6 SYSTEMPATH\CodeIgniter.php(934): App\Controllers\Home->printPO('PO-000000001')
 7 SYSTEMPATH\CodeIgniter.php(499): CodeIgniter\CodeIgniter->runController(Object(App\Controllers\Home))
 8 SYSTEMPATH\CodeIgniter.php(368): CodeIgniter\CodeIgniter->handleRequest(null, Object(Config\Cache), false)
 9 FCPATH\index.php(67): CodeIgniter\CodeIgniter->run()
10 SYSTEMPATH\Commands\Server\rewrite.php(47): require_once('FCPATH\\index.php')
INFO - 2024-09-12 07:28:58 --> Session: Class initialized using 'CodeIgniter\Session\Handlers\FileHandler' driver.
INFO - 2024-09-12 07:29:01 --> Session: Class initialized using 'CodeIgniter\Session\Handlers\FileHandler' driver.
INFO - 2024-09-12 07:29:14 --> Session: Class initialized using 'CodeIgniter\Session\Handlers\FileHandler' driver.
INFO - 2024-09-12 07:29:17 --> Session: Class initialized using 'CodeIgniter\Session\Handlers\FileHandler' driver.
INFO - 2024-09-12 07:32:31 --> Session: Class initialized using 'CodeIgniter\Session\Handlers\FileHandler' driver.
INFO - 2024-09-12 07:32:33 --> Session: Class initialized using 'CodeIgniter\Session\Handlers\FileHandler' driver.
INFO - 2024-09-12 07:34:35 --> Session: Class initialized using 'CodeIgniter\Session\Handlers\FileHandler' driver.
INFO - 2024-09-12 07:34:36 --> Session: Class initialized using 'CodeIgniter\Session\Handlers\FileHandler' driver.
INFO - 2024-09-12 07:35:14 --> Session: Class initialized using 'CodeIgniter\Session\Handlers\FileHandler' driver.
INFO - 2024-09-12 07:35:15 --> Session: Class initialized using 'CodeIgniter\Session\Handlers\FileHandler' driver.
INFO - 2024-09-12 07:36:22 --> Session: Class initialized using 'CodeIgniter\Session\Handlers\FileHandler' driver.
INFO - 2024-09-12 07:36:24 --> Session: Class initialized using 'CodeIgniter\Session\Handlers\FileHandler' driver.
INFO - 2024-09-12 07:38:15 --> Session: Class initialized using 'CodeIgniter\Session\Handlers\FileHandler' driver.
INFO - 2024-09-12 07:38:16 --> Session: Class initialized using 'CodeIgniter\Session\Handlers\FileHandler' driver.
INFO - 2024-09-12 07:39:09 --> Session: Class initialized using 'CodeIgniter\Session\Handlers\FileHandler' driver.
INFO - 2024-09-12 07:39:10 --> Session: Class initialized using 'CodeIgniter\Session\Handlers\FileHandler' driver.
INFO - 2024-09-12 07:39:37 --> Session: Class initialized using 'CodeIgniter\Session\Handlers\FileHandler' driver.
INFO - 2024-09-12 07:39:38 --> Session: Class initialized using 'CodeIgniter\Session\Handlers\FileHandler' driver.
INFO - 2024-09-12 07:41:01 --> Session: Class initialized using 'CodeIgniter\Session\Handlers\FileHandler' driver.
INFO - 2024-09-12 07:41:01 --> Session: Class initialized using 'CodeIgniter\Session\Handlers\FileHandler' driver.
INFO - 2024-09-12 07:44:29 --> Session: Class initialized using 'CodeIgniter\Session\Handlers\FileHandler' driver.
INFO - 2024-09-12 07:44:30 --> Session: Class initialized using 'CodeIgniter\Session\Handlers\FileHandler' driver.
INFO - 2024-09-12 07:44:30 --> Session: Class initialized using 'CodeIgniter\Session\Handlers\FileHandler' driver.
INFO - 2024-09-12 07:44:30 --> Session: Class initialized using 'CodeIgniter\Session\Handlers\FileHandler' driver.
INFO - 2024-09-12 07:50:34 --> Session: Class initialized using 'CodeIgniter\Session\Handlers\FileHandler' driver.
INFO - 2024-09-12 07:50:38 --> Session: Class initialized using 'CodeIgniter\Session\Handlers\FileHandler' driver.
INFO - 2024-09-12 07:50:38 --> Session: Class initialized using 'CodeIgniter\Session\Handlers\FileHandler' driver.
INFO - 2024-09-12 07:50:38 --> Session: Class initialized using 'CodeIgniter\Session\Handlers\FileHandler' driver.
INFO - 2024-09-12 07:52:55 --> Session: Class initialized using 'CodeIgniter\Session\Handlers\FileHandler' driver.
INFO - 2024-09-12 07:52:55 --> Session: Class initialized using 'CodeIgniter\Session\Handlers\FileHandler' driver.
